<?xml version="1.0" encoding="UTF-8"?>
<coverage generated="1576609512287" clover="3.2.0">
  <project timestamp="1576609512287" name="All files">
    <metrics statements="16" coveredstatements="15" conditionals="4" coveredconditionals="4" methods="8" coveredmethods="7" elements="28" coveredelements="26" complexity="0" loc="16" ncloc="16" packages="3" files="5" classes="5"/>
    <package name="components.contador">
      <metrics statements="6" coveredstatements="5" conditionals="0" coveredconditionals="0" methods="4" coveredmethods="3"/>
      <file name="Contador.jsx" path="/Users/angelisco1/Desktop/pruebas-jenkins/prueba-jenkins/src/components/contador/Contador.jsx">
        <metrics statements="6" coveredstatements="5" conditionals="0" coveredconditionals="0" methods="4" coveredmethods="3"/>
        <line num="7" count="3" type="stmt"/>
        <line num="11" count="0" type="stmt"/>
        <line num="13" count="1" type="stmt"/>
        <line num="20" count="1" type="stmt"/>
        <line num="21" count="3" type="stmt"/>
        <line num="26" count="1" type="stmt"/>
      </file>
    </package>
    <package name="store">
      <metrics statements="2" coveredstatements="2" conditionals="0" coveredconditionals="0" methods="1" coveredmethods="1"/>
      <file name="configure-store.js" path="/Users/angelisco1/Desktop/pruebas-jenkins/prueba-jenkins/src/store/configure-store.js">
        <metrics statements="2" coveredstatements="2" conditionals="0" coveredconditionals="0" methods="1" coveredmethods="1"/>
        <line num="5" count="2" type="stmt"/>
        <line num="8" count="2" type="stmt"/>
      </file>
    </package>
    <package name="store.contador">
      <metrics statements="8" coveredstatements="8" conditionals="4" coveredconditionals="4" methods="3" coveredmethods="3"/>
      <file name="action-types.js" path="/Users/angelisco1/Desktop/pruebas-jenkins/prueba-jenkins/src/store/contador/action-types.js">
        <metrics statements="2" coveredstatements="2" conditionals="0" coveredconditionals="0" methods="0" coveredmethods="0"/>
        <line num="1" count="3" type="stmt"/>
        <line num="2" count="3" type="stmt"/>
      </file>
      <file name="actions.js" path="/Users/angelisco1/Desktop/pruebas-jenkins/prueba-jenkins/src/store/contador/actions.js">
        <metrics statements="2" coveredstatements="2" conditionals="0" coveredconditionals="0" methods="2" coveredmethods="2"/>
        <line num="4" count="2" type="stmt"/>
        <line num="10" count="1" type="stmt"/>
      </file>
      <file name="index.js" path="/Users/angelisco1/Desktop/pruebas-jenkins/prueba-jenkins/src/store/contador/index.js">
        <metrics statements="4" coveredstatements="4" conditionals="4" coveredconditionals="4" methods="1" coveredmethods="1"/>
        <line num="5" count="12" type="cond" truecount="3" falsecount="0"/>
        <line num="7" count="2" type="stmt"/>
        <line num="9" count="3" type="stmt"/>
        <line num="11" count="7" type="stmt"/>
      </file>
    </package>
  </project>
</coverage>
