{"/Users/angelisco1/Desktop/pruebas-jenkins/prueba-jenkins/src/components/contador/Contador.jsx": {"path":"/Users/angelisco1/Desktop/pruebas-jenkins/prueba-jenkins/src/components/contador/Contador.jsx","statementMap":{"0":{"start":{"line":7,"column":4},"end":{"line":16,"column":6}},"1":{"start":{"line":11,"column":69},"end":{"line":11,"column":96}},"2":{"start":{"line":13,"column":69},"end":{"line":13,"column":96}},"3":{"start":{"line":20,"column":24},"end":{"line":24,"column":1}},"4":{"start":{"line":21,"column":2},"end":{"line":23,"column":4}},"5":{"start":{"line":26,"column":27},"end":{"line":29,"column":1}}},"fnMap":{"0":{"name":"(anonymous_0)","decl":{"start":{"line":6,"column":2},"end":{"line":6,"column":3}},"loc":{"start":{"line":6,"column":11},"end":{"line":17,"column":3}},"line":6},"1":{"name":"(anonymous_1)","decl":{"start":{"line":11,"column":61},"end":{"line":11,"column":62}},"loc":{"start":{"line":11,"column":67},"end":{"line":11,"column":98}},"line":11},"2":{"name":"(anonymous_2)","decl":{"start":{"line":13,"column":61},"end":{"line":13,"column":62}},"loc":{"start":{"line":13,"column":67},"end":{"line":13,"column":98}},"line":13},"3":{"name":"(anonymous_3)","decl":{"start":{"line":20,"column":24},"end":{"line":20,"column":25}},"loc":{"start":{"line":20,"column":35},"end":{"line":24,"column":1}},"line":20}},"branchMap":{},"s":{"0":3,"1":0,"2":1,"3":1,"4":3,"5":1},"f":{"0":3,"1":0,"2":1,"3":3},"b":{},"_coverageSchema":"43e27e138ebf9cfc5966b082cf9a028302ed4184","hash":"245f9069163cf62830605fe7854d83ba63bd6464"}
,"/Users/angelisco1/Desktop/pruebas-jenkins/prueba-jenkins/src/store/configure-store.js": {"path":"/Users/angelisco1/Desktop/pruebas-jenkins/prueba-jenkins/src/store/configure-store.js","statementMap":{"0":{"start":{"line":5,"column":21},"end":{"line":7,"column":4}},"1":{"start":{"line":8,"column":2},"end":{"line":8,"column":33}}},"fnMap":{"0":{"name":"configureStore","decl":{"start":{"line":4,"column":24},"end":{"line":4,"column":38}},"loc":{"start":{"line":4,"column":41},"end":{"line":9,"column":1}},"line":4}},"branchMap":{},"s":{"0":2,"1":2},"f":{"0":2},"b":{},"_coverageSchema":"43e27e138ebf9cfc5966b082cf9a028302ed4184","hash":"6e4fcdf91889d4d237e4ce1ca8bce4a88f7a6ed6"}
,"/Users/angelisco1/Desktop/pruebas-jenkins/prueba-jenkins/src/store/contador/action-types.js": {"path":"/Users/angelisco1/Desktop/pruebas-jenkins/prueba-jenkins/src/store/contador/action-types.js","statementMap":{"0":{"start":{"line":1,"column":25},"end":{"line":1,"column":36}},"1":{"start":{"line":2,"column":25},"end":{"line":2,"column":36}}},"fnMap":{},"branchMap":{},"s":{"0":3,"1":3},"f":{},"b":{},"_coverageSchema":"43e27e138ebf9cfc5966b082cf9a028302ed4184","hash":"12d9a9fc1ab7c2141ebd4c56270cdeb7aa31b266"}
,"/Users/angelisco1/Desktop/pruebas-jenkins/prueba-jenkins/src/store/contador/actions.js": {"path":"/Users/angelisco1/Desktop/pruebas-jenkins/prueba-jenkins/src/store/contador/actions.js","statementMap":{"0":{"start":{"line":4,"column":2},"end":{"line":6,"column":3}},"1":{"start":{"line":10,"column":2},"end":{"line":12,"column":3}}},"fnMap":{"0":{"name":"incrementCount","decl":{"start":{"line":3,"column":16},"end":{"line":3,"column":30}},"loc":{"start":{"line":3,"column":33},"end":{"line":7,"column":1}},"line":3},"1":{"name":"decrementCount","decl":{"start":{"line":9,"column":16},"end":{"line":9,"column":30}},"loc":{"start":{"line":9,"column":33},"end":{"line":13,"column":1}},"line":9}},"branchMap":{},"s":{"0":2,"1":1},"f":{"0":2,"1":1},"b":{},"_coverageSchema":"43e27e138ebf9cfc5966b082cf9a028302ed4184","hash":"73419d099d5f31a5211470c8dc3ce944c6c914fa"}
,"/Users/angelisco1/Desktop/pruebas-jenkins/prueba-jenkins/src/store/contador/index.js": {"path":"/Users/angelisco1/Desktop/pruebas-jenkins/prueba-jenkins/src/store/contador/index.js","statementMap":{"0":{"start":{"line":5,"column":2},"end":{"line":12,"column":3}},"1":{"start":{"line":7,"column":6},"end":{"line":7,"column":23}},"2":{"start":{"line":9,"column":6},"end":{"line":9,"column":23}},"3":{"start":{"line":11,"column":6},"end":{"line":11,"column":19}}},"fnMap":{"0":{"name":"contador","decl":{"start":{"line":4,"column":24},"end":{"line":4,"column":32}},"loc":{"start":{"line":4,"column":52},"end":{"line":13,"column":1}},"line":4}},"branchMap":{"0":{"loc":{"start":{"line":4,"column":33},"end":{"line":4,"column":42}},"type":"default-arg","locations":[{"start":{"line":4,"column":41},"end":{"line":4,"column":42}}],"line":4},"1":{"loc":{"start":{"line":5,"column":2},"end":{"line":12,"column":3}},"type":"switch","locations":[{"start":{"line":6,"column":4},"end":{"line":7,"column":23}},{"start":{"line":8,"column":4},"end":{"line":9,"column":23}},{"start":{"line":10,"column":4},"end":{"line":11,"column":19}}],"line":5}},"s":{"0":12,"1":2,"2":3,"3":7},"f":{"0":12},"b":{"0":[10],"1":[2,3,7]},"_coverageSchema":"43e27e138ebf9cfc5966b082cf9a028302ed4184","hash":"760bc53a7656e5e6c5a575c4d492c6304e240de6"}
}
