TN:
SF:/Users/angelisco1/Desktop/pruebas-jenkins/prueba-jenkins/src/components/contador/Contador.jsx
FN:6,(anonymous_0)
FN:11,(anonymous_1)
FN:13,(anonymous_2)
FN:20,(anonymous_3)
FNF:4
FNH:3
FNDA:3,(anonymous_0)
FNDA:0,(anonymous_1)
FNDA:1,(anonymous_2)
FNDA:3,(anonymous_3)
DA:7,3
DA:11,0
DA:13,1
DA:20,1
DA:21,3
DA:26,1
LF:6
LH:5
BRF:0
BRH:0
end_of_record
TN:
SF:/Users/angelisco1/Desktop/pruebas-jenkins/prueba-jenkins/src/store/configure-store.js
FN:4,configureStore
FNF:1
FNH:1
FNDA:2,configureStore
DA:5,2
DA:8,2
LF:2
LH:2
BRF:0
BRH:0
end_of_record
TN:
SF:/Users/angelisco1/Desktop/pruebas-jenkins/prueba-jenkins/src/store/contador/action-types.js
FNF:0
FNH:0
DA:1,3
DA:2,3
LF:2
LH:2
BRF:0
BRH:0
end_of_record
TN:
SF:/Users/angelisco1/Desktop/pruebas-jenkins/prueba-jenkins/src/store/contador/actions.js
FN:3,incrementCount
FN:9,decrementCount
FNF:2
FNH:2
FNDA:2,incrementCount
FNDA:1,decrementCount
DA:4,2
DA:10,1
LF:2
LH:2
BRF:0
BRH:0
end_of_record
TN:
SF:/Users/angelisco1/Desktop/pruebas-jenkins/prueba-jenkins/src/store/contador/index.js
FN:4,contador
FNF:1
FNH:1
FNDA:12,contador
DA:5,12
DA:7,2
DA:9,3
DA:11,7
LF:4
LH:4
BRDA:4,0,0,10
BRDA:5,1,0,2
BRDA:5,1,1,3
BRDA:5,1,2,7
BRF:4
BRH:4
end_of_record
